[2025-11-09T07:42:20.593+0000] {manager.py:483} INFO - Processing files using up to 2 processes at a time 
[2025-11-09T07:42:20.594+0000] {manager.py:484} INFO - Process each file at most once every 30 seconds
[2025-11-09T07:42:20.595+0000] {manager.py:485} INFO - Checking for new files in /opt/airflow/dags every 60 seconds
[2025-11-09T07:42:20.596+0000] {manager.py:821} INFO - Searching for files in /opt/airflow/dags
[2025-11-09T07:42:20.640+0000] {manager.py:824} INFO - There are 0 files in /opt/airflow/dags
[2025-11-09T07:43:21.249+0000] {manager.py:821} INFO - Searching for files in /opt/airflow/dags
[2025-11-09T07:43:21.267+0000] {manager.py:824} INFO - There are 0 files in /opt/airflow/dags
[2025-11-09T07:44:21.947+0000] {manager.py:821} INFO - Searching for files in /opt/airflow/dags
[2025-11-09T07:44:21.963+0000] {manager.py:824} INFO - There are 0 files in /opt/airflow/dags
[2025-11-09T07:45:22.760+0000] {manager.py:821} INFO - Searching for files in /opt/airflow/dags
[2025-11-09T07:45:22.775+0000] {manager.py:824} INFO - There are 0 files in /opt/airflow/dags
[2025-11-09T07:46:23.536+0000] {manager.py:821} INFO - Searching for files in /opt/airflow/dags
[2025-11-09T07:46:23.551+0000] {manager.py:824} INFO - There are 0 files in /opt/airflow/dags
[2025-11-09T07:47:24.320+0000] {manager.py:821} INFO - Searching for files in /opt/airflow/dags
[2025-11-09T07:47:24.345+0000] {manager.py:824} INFO - There are 0 files in /opt/airflow/dags
[2025-11-09T07:48:24.994+0000] {manager.py:821} INFO - Searching for files in /opt/airflow/dags
[2025-11-09T07:48:25.019+0000] {manager.py:824} INFO - There are 0 files in /opt/airflow/dags
[2025-11-09T07:49:25.703+0000] {manager.py:821} INFO - Searching for files in /opt/airflow/dags
[2025-11-09T07:49:25.744+0000] {manager.py:824} INFO - There are 0 files in /opt/airflow/dags
[2025-11-09T07:50:26.529+0000] {manager.py:821} INFO - Searching for files in /opt/airflow/dags
[2025-11-09T07:50:26.546+0000] {manager.py:824} INFO - There are 0 files in /opt/airflow/dags
[2025-11-09T07:51:27.296+0000] {manager.py:821} INFO - Searching for files in /opt/airflow/dags
[2025-11-09T07:51:27.312+0000] {manager.py:824} INFO - There are 0 files in /opt/airflow/dags
[2025-11-09T07:52:27.997+0000] {manager.py:821} INFO - Searching for files in /opt/airflow/dags
[2025-11-09T07:52:28.013+0000] {manager.py:824} INFO - There are 0 files in /opt/airflow/dags
[2025-11-09T07:53:28.735+0000] {manager.py:821} INFO - Searching for files in /opt/airflow/dags
[2025-11-09T07:53:28.751+0000] {manager.py:824} INFO - There are 0 files in /opt/airflow/dags
[2025-11-09T07:54:29.493+0000] {manager.py:821} INFO - Searching for files in /opt/airflow/dags
[2025-11-09T07:54:29.512+0000] {manager.py:824} INFO - There are 0 files in /opt/airflow/dags
[2025-11-09T07:55:30.258+0000] {manager.py:821} INFO - Searching for files in /opt/airflow/dags
[2025-11-09T07:55:30.276+0000] {manager.py:824} INFO - There are 0 files in /opt/airflow/dags
[2025-11-09T07:56:31.109+0000] {manager.py:821} INFO - Searching for files in /opt/airflow/dags
[2025-11-09T07:56:31.160+0000] {manager.py:824} INFO - There are 0 files in /opt/airflow/dags
[2025-11-09T07:57:31.977+0000] {manager.py:821} INFO - Searching for files in /opt/airflow/dags
[2025-11-09T07:57:31.991+0000] {manager.py:824} INFO - There are 0 files in /opt/airflow/dags
[2025-11-09T07:58:32.764+0000] {manager.py:821} INFO - Searching for files in /opt/airflow/dags
[2025-11-09T07:58:32.795+0000] {manager.py:824} INFO - There are 0 files in /opt/airflow/dags
[2025-11-09T07:58:37.695+0000] {manager.py:465} INFO - Exiting gracefully upon receiving signal 15
[2025-11-09T07:59:21.239+0000] {manager.py:483} INFO - Processing files using up to 2 processes at a time 
[2025-11-09T07:59:21.241+0000] {manager.py:484} INFO - Process each file at most once every 30 seconds
[2025-11-09T07:59:21.242+0000] {manager.py:485} INFO - Checking for new files in /opt/airflow/dags every 60 seconds
[2025-11-09T07:59:21.243+0000] {manager.py:821} INFO - Searching for files in /opt/airflow/dags
[2025-11-09T07:59:21.261+0000] {manager.py:824} INFO - There are 0 files in /opt/airflow/dags
[2025-11-09T08:00:21.897+0000] {manager.py:821} INFO - Searching for files in /opt/airflow/dags
[2025-11-09T08:00:21.922+0000] {manager.py:824} INFO - There are 0 files in /opt/airflow/dags
[2025-11-09T08:01:22.673+0000] {manager.py:821} INFO - Searching for files in /opt/airflow/dags
[2025-11-09T08:01:22.692+0000] {manager.py:824} INFO - There are 0 files in /opt/airflow/dags
[2025-11-09T08:02:23.396+0000] {manager.py:821} INFO - Searching for files in /opt/airflow/dags
[2025-11-09T08:02:23.411+0000] {manager.py:824} INFO - There are 0 files in /opt/airflow/dags
[2025-11-09T08:03:22.322+0000] {manager.py:465} INFO - Exiting gracefully upon receiving signal 15
[2025-11-09T08:03:55.570+0000] {manager.py:483} INFO - Processing files using up to 2 processes at a time 
[2025-11-09T08:03:55.571+0000] {manager.py:484} INFO - Process each file at most once every 30 seconds
[2025-11-09T08:03:55.572+0000] {manager.py:485} INFO - Checking for new files in /opt/airflow/dags every 60 seconds
[2025-11-09T08:03:55.573+0000] {manager.py:821} INFO - Searching for files in /opt/airflow/dags
[2025-11-09T08:03:55.588+0000] {manager.py:824} INFO - There are 0 files in /opt/airflow/dags
[2025-11-09T08:04:56.190+0000] {manager.py:821} INFO - Searching for files in /opt/airflow/dags
[2025-11-09T08:04:56.207+0000] {manager.py:824} INFO - There are 0 files in /opt/airflow/dags
[2025-11-09T08:05:56.988+0000] {manager.py:821} INFO - Searching for files in /opt/airflow/dags
[2025-11-09T08:05:57.005+0000] {manager.py:824} INFO - There are 0 files in /opt/airflow/dags
[2025-11-09T08:06:57.699+0000] {manager.py:821} INFO - Searching for files in /opt/airflow/dags
[2025-11-09T08:06:57.723+0000] {manager.py:824} INFO - There are 0 files in /opt/airflow/dags
[2025-11-09T08:07:32.600+0000] {manager.py:465} INFO - Exiting gracefully upon receiving signal 15
[2025-11-09T08:56:35.441+0000] {manager.py:483} INFO - Processing files using up to 2 processes at a time 
[2025-11-09T08:56:35.442+0000] {manager.py:484} INFO - Process each file at most once every 30 seconds
[2025-11-09T08:56:35.443+0000] {manager.py:485} INFO - Checking for new files in /opt/airflow/dags every 60 seconds
[2025-11-09T08:56:35.444+0000] {manager.py:821} INFO - Searching for files in /opt/airflow/dags
[2025-11-09T08:56:35.461+0000] {manager.py:824} INFO - There are 0 files in /opt/airflow/dags
[2025-11-09T08:57:36.094+0000] {manager.py:821} INFO - Searching for files in /opt/airflow/dags
[2025-11-09T08:57:36.110+0000] {manager.py:824} INFO - There are 0 files in /opt/airflow/dags
[2025-11-09T08:58:36.799+0000] {manager.py:821} INFO - Searching for files in /opt/airflow/dags
[2025-11-09T08:58:36.814+0000] {manager.py:824} INFO - There are 0 files in /opt/airflow/dags
[2025-11-09T08:59:37.532+0000] {manager.py:821} INFO - Searching for files in /opt/airflow/dags
[2025-11-09T08:59:37.547+0000] {manager.py:824} INFO - There are 0 files in /opt/airflow/dags
[2025-11-09T09:00:38.243+0000] {manager.py:821} INFO - Searching for files in /opt/airflow/dags
[2025-11-09T09:00:38.259+0000] {manager.py:824} INFO - There are 0 files in /opt/airflow/dags
[2025-11-09T09:01:39.050+0000] {manager.py:821} INFO - Searching for files in /opt/airflow/dags
[2025-11-09T09:01:39.066+0000] {manager.py:824} INFO - There are 0 files in /opt/airflow/dags
[2025-11-09T09:01:46.921+0000] {manager.py:465} INFO - Exiting gracefully upon receiving signal 15
[2025-11-09T09:02:48.541+0000] {manager.py:483} INFO - Processing files using up to 2 processes at a time 
[2025-11-09T09:02:48.542+0000] {manager.py:484} INFO - Process each file at most once every 30 seconds
[2025-11-09T09:02:48.542+0000] {manager.py:485} INFO - Checking for new files in /opt/airflow/dags every 60 seconds
[2025-11-09T09:02:48.543+0000] {manager.py:821} INFO - Searching for files in /opt/airflow/dags
[2025-11-09T09:02:48.564+0000] {manager.py:824} INFO - There are 0 files in /opt/airflow/dags
[2025-11-09T09:03:49.136+0000] {manager.py:821} INFO - Searching for files in /opt/airflow/dags
[2025-11-09T09:03:49.152+0000] {manager.py:824} INFO - There are 0 files in /opt/airflow/dags
[2025-11-09T09:04:49.710+0000] {manager.py:821} INFO - Searching for files in /opt/airflow/dags
[2025-11-09T09:04:49.728+0000] {manager.py:824} INFO - There are 0 files in /opt/airflow/dags
[2025-11-09T09:05:50.271+0000] {manager.py:821} INFO - Searching for files in /opt/airflow/dags
[2025-11-09T09:05:50.294+0000] {manager.py:824} INFO - There are 0 files in /opt/airflow/dags
[2025-11-09T09:06:51.005+0000] {manager.py:821} INFO - Searching for files in /opt/airflow/dags
[2025-11-09T09:06:51.020+0000] {manager.py:824} INFO - There are 0 files in /opt/airflow/dags
[2025-11-09T09:07:51.778+0000] {manager.py:821} INFO - Searching for files in /opt/airflow/dags
[2025-11-09T09:07:51.794+0000] {manager.py:824} INFO - There are 0 files in /opt/airflow/dags
[2025-11-09T09:08:52.510+0000] {manager.py:821} INFO - Searching for files in /opt/airflow/dags
[2025-11-09T09:08:52.524+0000] {manager.py:824} INFO - There are 0 files in /opt/airflow/dags
[2025-11-09T09:09:53.349+0000] {manager.py:821} INFO - Searching for files in /opt/airflow/dags
[2025-11-09T09:09:53.364+0000] {manager.py:824} INFO - There are 0 files in /opt/airflow/dags
[2025-11-09T09:10:54.117+0000] {manager.py:821} INFO - Searching for files in /opt/airflow/dags
[2025-11-09T09:10:54.161+0000] {manager.py:824} INFO - There are 0 files in /opt/airflow/dags
[2025-11-09T09:11:54.871+0000] {manager.py:821} INFO - Searching for files in /opt/airflow/dags
[2025-11-09T09:11:54.886+0000] {manager.py:824} INFO - There are 0 files in /opt/airflow/dags
[2025-11-09T09:12:55.580+0000] {manager.py:821} INFO - Searching for files in /opt/airflow/dags
[2025-11-09T09:12:55.603+0000] {manager.py:824} INFO - There are 0 files in /opt/airflow/dags
[2025-11-09T09:13:56.326+0000] {manager.py:821} INFO - Searching for files in /opt/airflow/dags
[2025-11-09T09:13:56.342+0000] {manager.py:824} INFO - There are 0 files in /opt/airflow/dags
[2025-11-09T09:14:57.089+0000] {manager.py:821} INFO - Searching for files in /opt/airflow/dags
[2025-11-09T09:14:57.101+0000] {manager.py:824} INFO - There are 0 files in /opt/airflow/dags
[2025-11-09T09:15:57.868+0000] {manager.py:821} INFO - Searching for files in /opt/airflow/dags
[2025-11-09T09:15:57.894+0000] {manager.py:824} INFO - There are 0 files in /opt/airflow/dags
[2025-11-09T09:16:58.695+0000] {manager.py:821} INFO - Searching for files in /opt/airflow/dags
[2025-11-09T09:16:58.731+0000] {manager.py:824} INFO - There are 0 files in /opt/airflow/dags
[2025-11-09T09:17:59.528+0000] {manager.py:821} INFO - Searching for files in /opt/airflow/dags
[2025-11-09T09:17:59.540+0000] {manager.py:824} INFO - There are 0 files in /opt/airflow/dags
[2025-11-09T09:19:00.243+0000] {manager.py:821} INFO - Searching for files in /opt/airflow/dags
[2025-11-09T09:19:00.271+0000] {manager.py:824} INFO - There are 0 files in /opt/airflow/dags
[2025-11-09T09:20:01.022+0000] {manager.py:821} INFO - Searching for files in /opt/airflow/dags
[2025-11-09T09:20:01.037+0000] {manager.py:824} INFO - There are 0 files in /opt/airflow/dags
[2025-11-09T09:21:01.737+0000] {manager.py:821} INFO - Searching for files in /opt/airflow/dags
[2025-11-09T09:21:01.752+0000] {manager.py:824} INFO - There are 0 files in /opt/airflow/dags
[2025-11-09T09:22:02.683+0000] {manager.py:821} INFO - Searching for files in /opt/airflow/dags
[2025-11-09T09:22:02.723+0000] {manager.py:824} INFO - There are 0 files in /opt/airflow/dags
[2025-11-09T09:23:03.554+0000] {manager.py:821} INFO - Searching for files in /opt/airflow/dags
[2025-11-09T09:23:03.571+0000] {manager.py:824} INFO - There are 0 files in /opt/airflow/dags
[2025-11-09T09:24:04.339+0000] {manager.py:821} INFO - Searching for files in /opt/airflow/dags
[2025-11-09T09:24:04.354+0000] {manager.py:824} INFO - There are 0 files in /opt/airflow/dags
[2025-11-09T09:25:05.097+0000] {manager.py:821} INFO - Searching for files in /opt/airflow/dags
[2025-11-09T09:25:05.111+0000] {manager.py:824} INFO - There are 0 files in /opt/airflow/dags
[2025-11-09T09:26:05.824+0000] {manager.py:821} INFO - Searching for files in /opt/airflow/dags
[2025-11-09T09:26:05.839+0000] {manager.py:824} INFO - There are 0 files in /opt/airflow/dags
[2025-11-09T09:27:06.515+0000] {manager.py:821} INFO - Searching for files in /opt/airflow/dags
[2025-11-09T09:27:06.530+0000] {manager.py:824} INFO - There are 0 files in /opt/airflow/dags
[2025-11-09T09:28:07.127+0000] {manager.py:821} INFO - Searching for files in /opt/airflow/dags
[2025-11-09T09:28:07.143+0000] {manager.py:824} INFO - There are 0 files in /opt/airflow/dags
[2025-11-09T09:29:07.759+0000] {manager.py:821} INFO - Searching for files in /opt/airflow/dags
[2025-11-09T09:29:07.776+0000] {manager.py:824} INFO - There are 0 files in /opt/airflow/dags
[2025-11-09T09:30:08.558+0000] {manager.py:821} INFO - Searching for files in /opt/airflow/dags
[2025-11-09T09:30:08.576+0000] {manager.py:824} INFO - There are 0 files in /opt/airflow/dags
[2025-11-09T09:31:09.487+0000] {manager.py:821} INFO - Searching for files in /opt/airflow/dags
[2025-11-09T09:31:09.501+0000] {manager.py:824} INFO - There are 0 files in /opt/airflow/dags
[2025-11-09T09:32:10.438+0000] {manager.py:821} INFO - Searching for files in /opt/airflow/dags
[2025-11-09T09:32:10.452+0000] {manager.py:824} INFO - There are 0 files in /opt/airflow/dags
[2025-11-09T09:33:11.247+0000] {manager.py:821} INFO - Searching for files in /opt/airflow/dags
[2025-11-09T09:33:11.270+0000] {manager.py:824} INFO - There are 0 files in /opt/airflow/dags
[2025-11-09T09:34:11.921+0000] {manager.py:821} INFO - Searching for files in /opt/airflow/dags
[2025-11-09T09:34:11.935+0000] {manager.py:824} INFO - There are 0 files in /opt/airflow/dags
[2025-11-09T09:35:12.574+0000] {manager.py:821} INFO - Searching for files in /opt/airflow/dags
[2025-11-09T09:35:12.590+0000] {manager.py:824} INFO - There are 0 files in /opt/airflow/dags
[2025-11-09T09:36:13.434+0000] {manager.py:821} INFO - Searching for files in /opt/airflow/dags
[2025-11-09T09:36:13.472+0000] {manager.py:824} INFO - There are 0 files in /opt/airflow/dags
[2025-11-09T09:37:14.290+0000] {manager.py:821} INFO - Searching for files in /opt/airflow/dags
[2025-11-09T09:37:14.305+0000] {manager.py:824} INFO - There are 0 files in /opt/airflow/dags
[2025-11-09T09:38:15.160+0000] {manager.py:821} INFO - Searching for files in /opt/airflow/dags
[2025-11-09T09:38:15.190+0000] {manager.py:824} INFO - There are 0 files in /opt/airflow/dags
[2025-11-09T09:39:16.153+0000] {manager.py:821} INFO - Searching for files in /opt/airflow/dags
[2025-11-09T09:39:16.170+0000] {manager.py:824} INFO - There are 0 files in /opt/airflow/dags
[2025-11-09T09:40:16.962+0000] {manager.py:821} INFO - Searching for files in /opt/airflow/dags
[2025-11-09T09:40:16.978+0000] {manager.py:824} INFO - There are 0 files in /opt/airflow/dags
[2025-11-09T09:41:17.706+0000] {manager.py:821} INFO - Searching for files in /opt/airflow/dags
[2025-11-09T09:41:17.720+0000] {manager.py:824} INFO - There are 0 files in /opt/airflow/dags
[2025-11-09T09:42:18.565+0000] {manager.py:821} INFO - Searching for files in /opt/airflow/dags
[2025-11-09T09:42:18.581+0000] {manager.py:824} INFO - There are 0 files in /opt/airflow/dags
[2025-11-09T09:43:19.440+0000] {manager.py:821} INFO - Searching for files in /opt/airflow/dags
[2025-11-09T09:43:19.458+0000] {manager.py:824} INFO - There are 0 files in /opt/airflow/dags
[2025-11-09T09:44:20.210+0000] {manager.py:821} INFO - Searching for files in /opt/airflow/dags
[2025-11-09T09:44:20.286+0000] {manager.py:824} INFO - There are 0 files in /opt/airflow/dags
[2025-11-09T09:45:20.226+0000] {manager.py:821} INFO - Searching for files in /opt/airflow/dags
[2025-11-09T09:45:20.254+0000] {manager.py:824} INFO - There are 0 files in /opt/airflow/dags
[2025-11-09T09:46:21.032+0000] {manager.py:821} INFO - Searching for files in /opt/airflow/dags
[2025-11-09T09:46:21.050+0000] {manager.py:824} INFO - There are 0 files in /opt/airflow/dags
[2025-11-09T09:47:21.850+0000] {manager.py:821} INFO - Searching for files in /opt/airflow/dags
[2025-11-09T09:47:21.860+0000] {manager.py:824} INFO - There are 0 files in /opt/airflow/dags
[2025-11-09T09:48:22.604+0000] {manager.py:821} INFO - Searching for files in /opt/airflow/dags
[2025-11-09T09:48:22.629+0000] {manager.py:824} INFO - There are 0 files in /opt/airflow/dags
[2025-11-09T09:49:23.495+0000] {manager.py:821} INFO - Searching for files in /opt/airflow/dags
[2025-11-09T09:49:23.510+0000] {manager.py:824} INFO - There are 0 files in /opt/airflow/dags
[2025-11-09T09:50:24.317+0000] {manager.py:821} INFO - Searching for files in /opt/airflow/dags
[2025-11-09T09:50:24.336+0000] {manager.py:824} INFO - There are 0 files in /opt/airflow/dags
[2025-11-09T09:51:25.206+0000] {manager.py:821} INFO - Searching for files in /opt/airflow/dags
[2025-11-09T09:51:25.237+0000] {manager.py:824} INFO - There are 0 files in /opt/airflow/dags
[2025-11-09T09:52:26.098+0000] {manager.py:821} INFO - Searching for files in /opt/airflow/dags
[2025-11-09T09:52:26.114+0000] {manager.py:824} INFO - There are 0 files in /opt/airflow/dags
[2025-11-09T09:53:26.971+0000] {manager.py:821} INFO - Searching for files in /opt/airflow/dags
[2025-11-09T09:53:27.013+0000] {manager.py:824} INFO - There are 0 files in /opt/airflow/dags
[2025-11-09T09:54:27.881+0000] {manager.py:821} INFO - Searching for files in /opt/airflow/dags
[2025-11-09T09:54:27.903+0000] {manager.py:824} INFO - There are 0 files in /opt/airflow/dags
[2025-11-09T09:55:28.786+0000] {manager.py:821} INFO - Searching for files in /opt/airflow/dags
[2025-11-09T09:55:28.802+0000] {manager.py:824} INFO - There are 0 files in /opt/airflow/dags
[2025-11-09T09:56:29.486+0000] {manager.py:821} INFO - Searching for files in /opt/airflow/dags
[2025-11-09T09:56:29.504+0000] {manager.py:824} INFO - There are 0 files in /opt/airflow/dags
[2025-11-09T09:57:30.420+0000] {manager.py:821} INFO - Searching for files in /opt/airflow/dags
[2025-11-09T09:57:30.452+0000] {manager.py:824} INFO - There are 0 files in /opt/airflow/dags
[2025-11-09T09:58:31.331+0000] {manager.py:821} INFO - Searching for files in /opt/airflow/dags
[2025-11-09T09:58:31.364+0000] {manager.py:824} INFO - There are 0 files in /opt/airflow/dags
[2025-11-09T09:59:32.213+0000] {manager.py:821} INFO - Searching for files in /opt/airflow/dags
[2025-11-09T09:59:32.228+0000] {manager.py:824} INFO - There are 0 files in /opt/airflow/dags
[2025-11-09T10:00:33.067+0000] {manager.py:821} INFO - Searching for files in /opt/airflow/dags
[2025-11-09T10:00:33.082+0000] {manager.py:824} INFO - There are 0 files in /opt/airflow/dags
[2025-11-09T10:01:33.922+0000] {manager.py:821} INFO - Searching for files in /opt/airflow/dags
[2025-11-09T10:01:33.937+0000] {manager.py:824} INFO - There are 0 files in /opt/airflow/dags
[2025-11-09T10:02:34.813+0000] {manager.py:821} INFO - Searching for files in /opt/airflow/dags
[2025-11-09T10:02:34.828+0000] {manager.py:824} INFO - There are 0 files in /opt/airflow/dags
[2025-11-09T10:03:35.677+0000] {manager.py:821} INFO - Searching for files in /opt/airflow/dags
[2025-11-09T10:03:35.702+0000] {manager.py:824} INFO - There are 0 files in /opt/airflow/dags
[2025-11-09T10:04:36.496+0000] {manager.py:821} INFO - Searching for files in /opt/airflow/dags
[2025-11-09T10:04:36.512+0000] {manager.py:824} INFO - There are 0 files in /opt/airflow/dags
[2025-11-09T10:05:37.228+0000] {manager.py:821} INFO - Searching for files in /opt/airflow/dags
[2025-11-09T10:05:37.245+0000] {manager.py:824} INFO - There are 0 files in /opt/airflow/dags
[2025-11-09T10:06:37.905+0000] {manager.py:821} INFO - Searching for files in /opt/airflow/dags
[2025-11-09T10:06:37.920+0000] {manager.py:824} INFO - There are 0 files in /opt/airflow/dags
[2025-11-09T10:07:38.686+0000] {manager.py:821} INFO - Searching for files in /opt/airflow/dags
[2025-11-09T10:07:38.700+0000] {manager.py:824} INFO - There are 0 files in /opt/airflow/dags
[2025-11-09T10:08:39.528+0000] {manager.py:821} INFO - Searching for files in /opt/airflow/dags
[2025-11-09T10:08:39.544+0000] {manager.py:824} INFO - There are 0 files in /opt/airflow/dags
[2025-11-09T10:09:40.299+0000] {manager.py:821} INFO - Searching for files in /opt/airflow/dags
[2025-11-09T10:09:40.314+0000] {manager.py:824} INFO - There are 0 files in /opt/airflow/dags
[2025-11-09T10:10:40.965+0000] {manager.py:821} INFO - Searching for files in /opt/airflow/dags
[2025-11-09T10:10:40.979+0000] {manager.py:824} INFO - There are 0 files in /opt/airflow/dags
[2025-11-09T10:11:41.776+0000] {manager.py:821} INFO - Searching for files in /opt/airflow/dags
[2025-11-09T10:11:41.792+0000] {manager.py:824} INFO - There are 0 files in /opt/airflow/dags
[2025-11-09T10:12:42.579+0000] {manager.py:821} INFO - Searching for files in /opt/airflow/dags
[2025-11-09T10:12:42.596+0000] {manager.py:824} INFO - There are 0 files in /opt/airflow/dags
[2025-11-09T10:13:43.347+0000] {manager.py:821} INFO - Searching for files in /opt/airflow/dags
[2025-11-09T10:13:43.362+0000] {manager.py:824} INFO - There are 0 files in /opt/airflow/dags
[2025-11-09T10:14:44.135+0000] {manager.py:821} INFO - Searching for files in /opt/airflow/dags
[2025-11-09T10:14:44.149+0000] {manager.py:824} INFO - There are 0 files in /opt/airflow/dags
[2025-11-09T10:15:25.679+0000] {manager.py:465} INFO - Exiting gracefully upon receiving signal 15
[2025-11-09T10:18:01.693+0000] {manager.py:483} INFO - Processing files using up to 2 processes at a time 
[2025-11-09T10:18:01.696+0000] {manager.py:484} INFO - Process each file at most once every 30 seconds
[2025-11-09T10:18:01.697+0000] {manager.py:485} INFO - Checking for new files in /opt/airflow/dags every 60 seconds
[2025-11-09T10:18:01.699+0000] {manager.py:821} INFO - Searching for files in /opt/airflow/dags
[2025-11-09T10:18:01.716+0000] {manager.py:824} INFO - There are 0 files in /opt/airflow/dags
[2025-11-09T10:19:02.467+0000] {manager.py:821} INFO - Searching for files in /opt/airflow/dags
[2025-11-09T10:19:02.483+0000] {manager.py:824} INFO - There are 0 files in /opt/airflow/dags
[2025-11-09T10:20:03.197+0000] {manager.py:821} INFO - Searching for files in /opt/airflow/dags
[2025-11-09T10:20:03.212+0000] {manager.py:824} INFO - There are 0 files in /opt/airflow/dags
[2025-11-09T10:21:04.018+0000] {manager.py:821} INFO - Searching for files in /opt/airflow/dags
[2025-11-09T10:21:04.062+0000] {manager.py:824} INFO - There are 0 files in /opt/airflow/dags
[2025-11-09T10:22:04.860+0000] {manager.py:821} INFO - Searching for files in /opt/airflow/dags
[2025-11-09T10:22:04.874+0000] {manager.py:824} INFO - There are 0 files in /opt/airflow/dags
[2025-11-09T10:23:05.648+0000] {manager.py:821} INFO - Searching for files in /opt/airflow/dags
[2025-11-09T10:23:05.662+0000] {manager.py:824} INFO - There are 0 files in /opt/airflow/dags
[2025-11-09T10:24:06.457+0000] {manager.py:821} INFO - Searching for files in /opt/airflow/dags
[2025-11-09T10:24:06.476+0000] {manager.py:824} INFO - There are 0 files in /opt/airflow/dags
[2025-11-09T10:25:07.177+0000] {manager.py:821} INFO - Searching for files in /opt/airflow/dags
[2025-11-09T10:25:07.205+0000] {manager.py:824} INFO - There are 0 files in /opt/airflow/dags
[2025-11-09T10:26:08.067+0000] {manager.py:821} INFO - Searching for files in /opt/airflow/dags
[2025-11-09T10:26:08.081+0000] {manager.py:824} INFO - There are 0 files in /opt/airflow/dags
[2025-11-09T10:27:08.837+0000] {manager.py:821} INFO - Searching for files in /opt/airflow/dags
[2025-11-09T10:27:08.862+0000] {manager.py:824} INFO - There are 0 files in /opt/airflow/dags
[2025-11-09T10:28:09.665+0000] {manager.py:821} INFO - Searching for files in /opt/airflow/dags
[2025-11-09T10:28:09.692+0000] {manager.py:824} INFO - There are 0 files in /opt/airflow/dags
[2025-11-09T10:29:10.431+0000] {manager.py:821} INFO - Searching for files in /opt/airflow/dags
[2025-11-09T10:29:10.461+0000] {manager.py:824} INFO - There are 0 files in /opt/airflow/dags
[2025-11-09T10:30:11.198+0000] {manager.py:821} INFO - Searching for files in /opt/airflow/dags
[2025-11-09T10:30:11.214+0000] {manager.py:824} INFO - There are 0 files in /opt/airflow/dags
[2025-11-09T10:31:12.013+0000] {manager.py:821} INFO - Searching for files in /opt/airflow/dags
[2025-11-09T10:31:12.031+0000] {manager.py:824} INFO - There are 0 files in /opt/airflow/dags
[2025-11-09T10:32:12.818+0000] {manager.py:821} INFO - Searching for files in /opt/airflow/dags
[2025-11-09T10:32:12.843+0000] {manager.py:824} INFO - There are 0 files in /opt/airflow/dags
[2025-11-09T10:33:13.598+0000] {manager.py:821} INFO - Searching for files in /opt/airflow/dags
[2025-11-09T10:33:13.616+0000] {manager.py:824} INFO - There are 0 files in /opt/airflow/dags
[2025-11-09T10:34:14.335+0000] {manager.py:821} INFO - Searching for files in /opt/airflow/dags
[2025-11-09T10:34:14.353+0000] {manager.py:824} INFO - There are 0 files in /opt/airflow/dags
[2025-11-09T10:35:15.118+0000] {manager.py:821} INFO - Searching for files in /opt/airflow/dags
[2025-11-09T10:35:15.133+0000] {manager.py:824} INFO - There are 0 files in /opt/airflow/dags
[2025-11-09T10:36:15.828+0000] {manager.py:821} INFO - Searching for files in /opt/airflow/dags
[2025-11-09T10:36:15.843+0000] {manager.py:824} INFO - There are 0 files in /opt/airflow/dags
[2025-11-09T10:37:16.533+0000] {manager.py:821} INFO - Searching for files in /opt/airflow/dags
[2025-11-09T10:37:16.548+0000] {manager.py:824} INFO - There are 0 files in /opt/airflow/dags
[2025-11-09T10:38:17.309+0000] {manager.py:821} INFO - Searching for files in /opt/airflow/dags
[2025-11-09T10:38:17.324+0000] {manager.py:824} INFO - There are 0 files in /opt/airflow/dags
[2025-11-09T10:39:17.986+0000] {manager.py:821} INFO - Searching for files in /opt/airflow/dags
[2025-11-09T10:39:18.015+0000] {manager.py:824} INFO - There are 0 files in /opt/airflow/dags
[2025-11-09T10:40:18.786+0000] {manager.py:821} INFO - Searching for files in /opt/airflow/dags
[2025-11-09T10:40:18.806+0000] {manager.py:824} INFO - There are 0 files in /opt/airflow/dags
[2025-11-09T10:41:19.594+0000] {manager.py:821} INFO - Searching for files in /opt/airflow/dags
[2025-11-09T10:41:19.607+0000] {manager.py:824} INFO - There are 0 files in /opt/airflow/dags
[2025-11-09T10:42:20.296+0000] {manager.py:821} INFO - Searching for files in /opt/airflow/dags
[2025-11-09T10:42:20.308+0000] {manager.py:824} INFO - There are 0 files in /opt/airflow/dags
[2025-11-09T10:43:21.014+0000] {manager.py:821} INFO - Searching for files in /opt/airflow/dags
[2025-11-09T10:43:21.032+0000] {manager.py:824} INFO - There are 0 files in /opt/airflow/dags
[2025-11-09T10:44:21.794+0000] {manager.py:821} INFO - Searching for files in /opt/airflow/dags
[2025-11-09T10:44:21.810+0000] {manager.py:824} INFO - There are 0 files in /opt/airflow/dags
[2025-11-09T10:45:22.580+0000] {manager.py:821} INFO - Searching for files in /opt/airflow/dags
[2025-11-09T10:45:22.605+0000] {manager.py:824} INFO - There are 0 files in /opt/airflow/dags
[2025-11-09T10:46:23.373+0000] {manager.py:821} INFO - Searching for files in /opt/airflow/dags
[2025-11-09T10:46:23.388+0000] {manager.py:824} INFO - There are 0 files in /opt/airflow/dags
[2025-11-09T10:47:24.207+0000] {manager.py:821} INFO - Searching for files in /opt/airflow/dags
[2025-11-09T10:47:24.231+0000] {manager.py:824} INFO - There are 0 files in /opt/airflow/dags
[2025-11-09T10:48:25.140+0000] {manager.py:821} INFO - Searching for files in /opt/airflow/dags
[2025-11-09T10:48:25.155+0000] {manager.py:824} INFO - There are 0 files in /opt/airflow/dags
[2025-11-09T10:48:38.930+0000] {manager.py:465} INFO - Exiting gracefully upon receiving signal 15
